{"name":"LibraryManagement","hostname":"erdem-macbook.local","pid":17454,"level":30,"method":"createUserService","url":"Creating user with nameErdem gunenc2","timestamp":"2023-08-29T23:03:41.900Z","msg":"Incoming request","time":"2023-08-29T23:03:41.900Z","v":0}
{"name":"LibraryManagement","hostname":"erdem-macbook.local","pid":17768,"level":30,"method":"getUsersService","url":"Fetching users","timestamp":"2023-08-29T23:05:29.405Z","msg":"Incoming request","time":"2023-08-29T23:05:29.405Z","v":0}
{"name":"LibraryManagement","hostname":"erdem-macbook.local","pid":17768,"level":30,"method":"getUserByIdService","url":"Fetching user with id1","timestamp":"2023-08-29T23:05:33.040Z","msg":"Incoming request","time":"2023-08-29T23:05:33.040Z","v":0}
{"name":"LibraryManagement","hostname":"erdem-macbook.local","pid":19728,"level":30,"method":"createBooking","url":"Creating booking for userId1bookId5","timestamp":"2023-08-29T23:20:17.244Z","msg":"Incoming request","time":"2023-08-29T23:20:17.244Z","v":0}
{"name":"LibraryManagement","hostname":"erdem-macbook.local","pid":20076,"level":30,"method":"getUsersService","url":"Fetching users","timestamp":"2023-08-29T23:22:28.862Z","msg":"Incoming request","time":"2023-08-29T23:22:28.862Z","v":0}
{"name":"LibraryManagement","hostname":"erdem-macbook.local","pid":20076,"level":30,"method":"createBookService","url":"Creating book","timestamp":"2023-08-29T23:22:38.267Z","msg":"Incoming request","time":"2023-08-29T23:22:38.267Z","v":0}
{"name":"LibraryManagement","hostname":"erdem-macbook.local","pid":20076,"level":30,"method":"createBooking","url":"Creating booking for userId1bookId6","timestamp":"2023-08-29T23:22:43.800Z","msg":"Incoming request","time":"2023-08-29T23:22:43.800Z","v":0}
{"name":"LibraryManagement","hostname":"erdem-macbook.local","pid":20076,"level":30,"method":"createBooking","url":"Creating booking for userId1bookId6","timestamp":"2023-08-29T23:22:51.791Z","msg":"Incoming request","time":"2023-08-29T23:22:51.791Z","v":0}
{"name":"LibraryManagement","hostname":"erdem-macbook.local","pid":20076,"level":30,"method":"createBooking","url":"Creating booking for userId1bookId6","timestamp":"2023-08-29T23:22:52.739Z","msg":"Incoming request","time":"2023-08-29T23:22:52.739Z","v":0}
{"name":"LibraryManagement","hostname":"erdem-macbook.local","pid":20076,"level":30,"method":"returnBooking","url":"Returning booking for userId1bookId6","timestamp":"2023-08-29T23:22:58.234Z","msg":"Incoming request","time":"2023-08-29T23:22:58.234Z","v":0}
{"name":"LibraryManagement","hostname":"erdem-macbook.local","pid":46801,"level":30,"method":"createBookService","url":"Creating book","timestamp":"2023-08-30T12:43:00.376Z","msg":"Incoming request","time":"2023-08-30T12:43:00.376Z","v":0}
{"name":"LibraryManagement","hostname":"erdem-macbook.local","pid":46934,"level":30,"method":"createBookService","url":"Creating book","timestamp":"2023-08-30T12:43:38.430Z","msg":"Incoming request","time":"2023-08-30T12:43:38.430Z","v":0}
{"name":"LibraryManagement","hostname":"erdem-macbook.local","pid":47060,"level":30,"method":"createBookService","url":"Creating book","timestamp":"2023-08-30T12:44:10.409Z","msg":"Incoming request","time":"2023-08-30T12:44:10.409Z","v":0}
{"name":"LibraryManagement","hostname":"erdem-macbook.local","pid":47155,"level":30,"method":"createBookService","url":"Creating book","timestamp":"2023-08-30T12:44:27.699Z","msg":"Incoming request","time":"2023-08-30T12:44:27.700Z","v":0}
{"name":"LibraryManagement","hostname":"erdem-macbook.local","pid":47440,"level":30,"method":"createBookService","url":"Creating book","timestamp":"2023-08-30T12:46:06.377Z","msg":"Incoming request","time":"2023-08-30T12:46:06.377Z","v":0}
{"name":"LibraryManagement","hostname":"erdem-macbook.local","pid":47781,"level":30,"method":"createBookService","url":"Creating book","timestamp":"2023-08-30T12:48:20.672Z","msg":"Incoming request","time":"2023-08-30T12:48:20.672Z","v":0}
{"name":"LibraryManagement","hostname":"erdem-macbook.local","pid":47900,"level":30,"method":"createBookService","url":"Creating book","timestamp":"2023-08-30T12:48:45.248Z","msg":"Incoming request","time":"2023-08-30T12:48:45.249Z","v":0}
{"name":"LibraryManagement","hostname":"erdem-macbook.local","pid":48161,"level":30,"method":"createBookService","url":"Creating book","timestamp":"2023-08-30T12:49:50.842Z","msg":"Incoming request","time":"2023-08-30T12:49:50.842Z","v":0}
{"name":"LibraryManagement","hostname":"erdem-macbook.local","pid":48994,"level":30,"method":"createBookService","url":"Creating book","timestamp":"2023-08-30T12:55:59.637Z","msg":"Incoming request","time":"2023-08-30T12:55:59.637Z","v":0}
{"name":"LibraryManagement","hostname":"erdem-macbook.local","pid":48994,"level":30,"method":"getBookService","url":"Fetching books","timestamp":"2023-08-30T12:55:59.704Z","msg":"Incoming request","time":"2023-08-30T12:55:59.705Z","v":0}
{"name":"LibraryManagement","hostname":"erdem-macbook.local","pid":49106,"level":30,"method":"createBookService","url":"Creating book","timestamp":"2023-08-30T12:56:25.605Z","msg":"Incoming request","time":"2023-08-30T12:56:25.605Z","v":0}
{"name":"LibraryManagement","hostname":"erdem-macbook.local","pid":49106,"level":30,"method":"getBookService","url":"Fetching books","timestamp":"2023-08-30T12:56:25.689Z","msg":"Incoming request","time":"2023-08-30T12:56:25.689Z","v":0}
{"name":"LibraryManagement","hostname":"erdem-macbook.local","pid":49221,"level":30,"method":"createBookService","url":"Creating book","timestamp":"2023-08-30T12:56:50.492Z","msg":"Incoming request","time":"2023-08-30T12:56:50.492Z","v":0}
{"name":"LibraryManagement","hostname":"erdem-macbook.local","pid":49221,"level":30,"method":"getBookService","url":"Fetching books","timestamp":"2023-08-30T12:56:50.555Z","msg":"Incoming request","time":"2023-08-30T12:56:50.555Z","v":0}
{"name":"LibraryManagement","hostname":"erdem-macbook.local","pid":49365,"level":30,"method":"createBookService","url":"Creating book","timestamp":"2023-08-30T12:57:29.415Z","msg":"Incoming request","time":"2023-08-30T12:57:29.415Z","v":0}
{"name":"LibraryManagement","hostname":"erdem-macbook.local","pid":49365,"level":30,"method":"getBookService","url":"Fetching books","timestamp":"2023-08-30T12:57:29.478Z","msg":"Incoming request","time":"2023-08-30T12:57:29.478Z","v":0}
{"name":"LibraryManagement","hostname":"erdem-macbook.local","pid":49365,"level":30,"method":"getBookByIdService","url":"Fetching book with id1","timestamp":"2023-08-30T12:57:29.483Z","msg":"Incoming request","time":"2023-08-30T12:57:29.483Z","v":0}
{"name":"LibraryManagement","hostname":"erdem-macbook.local","pid":49694,"level":30,"method":"getBookByIdService","url":"Fetching book with id76","timestamp":"2023-08-30T12:59:43.623Z","msg":"Incoming request","time":"2023-08-30T12:59:43.624Z","v":0}
{"name":"LibraryManagement","hostname":"erdem-macbook.local","pid":49787,"level":30,"method":"createBookService","url":"Creating book","timestamp":"2023-08-30T13:00:09.496Z","msg":"Incoming request","time":"2023-08-30T13:00:09.496Z","v":0}
{"name":"LibraryManagement","hostname":"erdem-macbook.local","pid":49787,"level":30,"method":"getBookService","url":"Fetching books","timestamp":"2023-08-30T13:00:09.551Z","msg":"Incoming request","time":"2023-08-30T13:00:09.551Z","v":0}
{"name":"LibraryManagement","hostname":"erdem-macbook.local","pid":49787,"level":30,"method":"getBookByIdService","url":"Fetching book with id1","timestamp":"2023-08-30T13:00:09.556Z","msg":"Incoming request","time":"2023-08-30T13:00:09.556Z","v":0}
{"name":"LibraryManagement","hostname":"erdem-macbook.local","pid":49787,"level":30,"method":"getBookByIdService","url":"Fetching book with id1","timestamp":"2023-08-30T13:00:09.566Z","msg":"Incoming request","time":"2023-08-30T13:00:09.566Z","v":0}
{"name":"LibraryManagement","hostname":"erdem-macbook.local","pid":49944,"level":30,"method":"createBookService","url":"Creating book","timestamp":"2023-08-30T13:00:27.918Z","msg":"Incoming request","time":"2023-08-30T13:00:27.918Z","v":0}
{"name":"LibraryManagement","hostname":"erdem-macbook.local","pid":49944,"level":30,"method":"getBookService","url":"Fetching books","timestamp":"2023-08-30T13:00:28.000Z","msg":"Incoming request","time":"2023-08-30T13:00:28.000Z","v":0}
{"name":"LibraryManagement","hostname":"erdem-macbook.local","pid":49944,"level":30,"method":"getBookByIdService","url":"Fetching book with id1","timestamp":"2023-08-30T13:00:28.014Z","msg":"Incoming request","time":"2023-08-30T13:00:28.014Z","v":0}
{"name":"LibraryManagement","hostname":"erdem-macbook.local","pid":49944,"level":30,"method":"getBookByIdService","url":"Fetching book with id77","timestamp":"2023-08-30T13:00:28.024Z","msg":"Incoming request","time":"2023-08-30T13:00:28.024Z","v":0}
{"name":"LibraryManagement","hostname":"erdem-macbook.local","pid":50022,"level":30,"method":"createBookService","url":"Creating book","timestamp":"2023-08-30T13:00:38.777Z","msg":"Incoming request","time":"2023-08-30T13:00:38.777Z","v":0}
{"name":"LibraryManagement","hostname":"erdem-macbook.local","pid":50022,"level":30,"method":"getBookService","url":"Fetching books","timestamp":"2023-08-30T13:00:38.842Z","msg":"Incoming request","time":"2023-08-30T13:00:38.842Z","v":0}
{"name":"LibraryManagement","hostname":"erdem-macbook.local","pid":50022,"level":30,"method":"getBookByIdService","url":"Fetching book with id1","timestamp":"2023-08-30T13:00:38.848Z","msg":"Incoming request","time":"2023-08-30T13:00:38.848Z","v":0}
{"name":"LibraryManagement","hostname":"erdem-macbook.local","pid":50022,"level":30,"method":"getBookByIdService","url":"Fetching book with id77","timestamp":"2023-08-30T13:00:38.855Z","msg":"Incoming request","time":"2023-08-30T13:00:38.855Z","v":0}
{"name":"LibraryManagement","hostname":"erdem-macbook.local","pid":50335,"level":30,"method":"createBookService","url":"Creating book","timestamp":"2023-08-30T13:02:41.643Z","msg":"Incoming request","time":"2023-08-30T13:02:41.643Z","v":0}
{"name":"LibraryManagement","hostname":"erdem-macbook.local","pid":50335,"level":30,"method":"getBookService","url":"Fetching books","timestamp":"2023-08-30T13:02:41.756Z","msg":"Incoming request","time":"2023-08-30T13:02:41.756Z","v":0}
{"name":"LibraryManagement","hostname":"erdem-macbook.local","pid":50335,"level":30,"method":"getBookByIdService","url":"Fetching book with id1","timestamp":"2023-08-30T13:02:41.787Z","msg":"Incoming request","time":"2023-08-30T13:02:41.787Z","v":0}
{"name":"LibraryManagement","hostname":"erdem-macbook.local","pid":50335,"level":30,"method":"getBookByIdService","url":"Fetching book with id77","timestamp":"2023-08-30T13:02:41.795Z","msg":"Incoming request","time":"2023-08-30T13:02:41.795Z","v":0}
{"name":"LibraryManagement","hostname":"erdem-macbook.local","pid":50420,"level":30,"method":"createBookService","url":"Creating book","timestamp":"2023-08-30T13:02:53.873Z","msg":"Incoming request","time":"2023-08-30T13:02:53.873Z","v":0}
{"name":"LibraryManagement","hostname":"erdem-macbook.local","pid":50420,"level":30,"method":"getBookService","url":"Fetching books","timestamp":"2023-08-30T13:02:53.942Z","msg":"Incoming request","time":"2023-08-30T13:02:53.942Z","v":0}
{"name":"LibraryManagement","hostname":"erdem-macbook.local","pid":50420,"level":30,"method":"getBookByIdService","url":"Fetching book with id1","timestamp":"2023-08-30T13:02:53.948Z","msg":"Incoming request","time":"2023-08-30T13:02:53.948Z","v":0}
{"name":"LibraryManagement","hostname":"erdem-macbook.local","pid":50420,"level":30,"method":"getBookByIdService","url":"Fetching book with id77","timestamp":"2023-08-30T13:02:53.960Z","msg":"Incoming request","time":"2023-08-30T13:02:53.960Z","v":0}
{"name":"LibraryManagement","hostname":"erdem-macbook.local","pid":50628,"level":30,"method":"createBookService","url":"Creating book","timestamp":"2023-08-30T13:04:06.830Z","msg":"Incoming request","time":"2023-08-30T13:04:06.830Z","v":0}
{"name":"LibraryManagement","hostname":"erdem-macbook.local","pid":50628,"level":30,"method":"getBookService","url":"Fetching books","timestamp":"2023-08-30T13:04:06.903Z","msg":"Incoming request","time":"2023-08-30T13:04:06.903Z","v":0}
{"name":"LibraryManagement","hostname":"erdem-macbook.local","pid":50628,"level":30,"method":"getBookByIdService","url":"Fetching book with id1","timestamp":"2023-08-30T13:04:06.908Z","msg":"Incoming request","time":"2023-08-30T13:04:06.908Z","v":0}
{"name":"LibraryManagement","hostname":"erdem-macbook.local","pid":50628,"level":30,"method":"getBookByIdService","url":"Fetching book with id75","timestamp":"2023-08-30T13:04:06.917Z","msg":"Incoming request","time":"2023-08-30T13:04:06.917Z","v":0}
{"name":"LibraryManagement","hostname":"erdem-macbook.local","pid":52401,"level":30,"method":"createBookService","url":"Creating book","timestamp":"2023-08-30T13:16:39.735Z","msg":"Incoming request","time":"2023-08-30T13:16:39.735Z","v":0}
{"name":"LibraryManagement","hostname":"erdem-macbook.local","pid":52401,"level":30,"method":"getBookService","url":"Fetching books","timestamp":"2023-08-30T13:16:39.824Z","msg":"Incoming request","time":"2023-08-30T13:16:39.824Z","v":0}
{"name":"LibraryManagement","hostname":"erdem-macbook.local","pid":52401,"level":30,"method":"getBookByIdService","url":"Fetching book with id1","timestamp":"2023-08-30T13:16:39.829Z","msg":"Incoming request","time":"2023-08-30T13:16:39.829Z","v":0}
{"name":"LibraryManagement","hostname":"erdem-macbook.local","pid":52401,"level":30,"method":"getBookByIdService","url":"Fetching book with id75","timestamp":"2023-08-30T13:16:39.837Z","msg":"Incoming request","time":"2023-08-30T13:16:39.837Z","v":0}
{"name":"LibraryManagement","hostname":"erdem-macbook.local","pid":52664,"level":30,"method":"createBookService","url":"Creating book","timestamp":"2023-08-30T13:18:13.566Z","msg":"Incoming request","time":"2023-08-30T13:18:13.567Z","v":0}
{"name":"LibraryManagement","hostname":"erdem-macbook.local","pid":52664,"level":30,"method":"getBookService","url":"Fetching books","timestamp":"2023-08-30T13:18:13.643Z","msg":"Incoming request","time":"2023-08-30T13:18:13.644Z","v":0}
{"name":"LibraryManagement","hostname":"erdem-macbook.local","pid":52664,"level":30,"method":"getBookByIdService","url":"Fetching book with id1","timestamp":"2023-08-30T13:18:13.649Z","msg":"Incoming request","time":"2023-08-30T13:18:13.649Z","v":0}
{"name":"LibraryManagement","hostname":"erdem-macbook.local","pid":52664,"level":30,"method":"getBookByIdService","url":"Fetching book with id75","timestamp":"2023-08-30T13:18:13.658Z","msg":"Incoming request","time":"2023-08-30T13:18:13.658Z","v":0}
{"name":"LibraryManagement","hostname":"erdem-macbook.local","pid":52776,"level":30,"method":"createBookService","url":"Creating book","timestamp":"2023-08-30T13:18:36.119Z","msg":"Incoming request","time":"2023-08-30T13:18:36.119Z","v":0}
{"name":"LibraryManagement","hostname":"erdem-macbook.local","pid":52776,"level":30,"method":"getBookService","url":"Fetching books","timestamp":"2023-08-30T13:18:36.234Z","msg":"Incoming request","time":"2023-08-30T13:18:36.234Z","v":0}
{"name":"LibraryManagement","hostname":"erdem-macbook.local","pid":52776,"level":30,"method":"getBookByIdService","url":"Fetching book with id1","timestamp":"2023-08-30T13:18:36.249Z","msg":"Incoming request","time":"2023-08-30T13:18:36.249Z","v":0}
{"name":"LibraryManagement","hostname":"erdem-macbook.local","pid":52776,"level":30,"method":"getBookByIdService","url":"Fetching book with id75","timestamp":"2023-08-30T13:18:36.262Z","msg":"Incoming request","time":"2023-08-30T13:18:36.262Z","v":0}
{"name":"LibraryManagement","hostname":"erdem-macbook.local","pid":52859,"level":30,"method":"createBookService","url":"Creating book","timestamp":"2023-08-30T13:18:47.242Z","msg":"Incoming request","time":"2023-08-30T13:18:47.242Z","v":0}
{"name":"LibraryManagement","hostname":"erdem-macbook.local","pid":52859,"level":30,"method":"getBookService","url":"Fetching books","timestamp":"2023-08-30T13:18:47.301Z","msg":"Incoming request","time":"2023-08-30T13:18:47.301Z","v":0}
{"name":"LibraryManagement","hostname":"erdem-macbook.local","pid":52859,"level":30,"method":"getBookByIdService","url":"Fetching book with id1","timestamp":"2023-08-30T13:18:47.306Z","msg":"Incoming request","time":"2023-08-30T13:18:47.306Z","v":0}
{"name":"LibraryManagement","hostname":"erdem-macbook.local","pid":52859,"level":30,"method":"getBookByIdService","url":"Fetching book with id75","timestamp":"2023-08-30T13:18:47.313Z","msg":"Incoming request","time":"2023-08-30T13:18:47.313Z","v":0}
{"name":"LibraryManagement","hostname":"erdem-macbook.local","pid":53352,"level":30,"method":"getBookByIdService","url":"Fetching book with id76","timestamp":"2023-08-30T13:21:49.455Z","msg":"Incoming request","time":"2023-08-30T13:21:49.456Z","v":0}
{"name":"LibraryManagement","hostname":"erdem-macbook.local","pid":53409,"level":30,"method":"createBookService","url":"Creating book","timestamp":"2023-08-30T13:21:56.834Z","msg":"Incoming request","time":"2023-08-30T13:21:56.834Z","v":0}
{"name":"LibraryManagement","hostname":"erdem-macbook.local","pid":53409,"level":30,"method":"getBookService","url":"Fetching books","timestamp":"2023-08-30T13:21:56.879Z","msg":"Incoming request","time":"2023-08-30T13:21:56.879Z","v":0}
{"name":"LibraryManagement","hostname":"erdem-macbook.local","pid":53409,"level":30,"method":"getBookByIdService","url":"Fetching book with id1","timestamp":"2023-08-30T13:21:56.884Z","msg":"Incoming request","time":"2023-08-30T13:21:56.884Z","v":0}
{"name":"LibraryManagement","hostname":"erdem-macbook.local","pid":53409,"level":30,"method":"getBookByIdService","url":"Fetching book with id75","timestamp":"2023-08-30T13:21:56.892Z","msg":"Incoming request","time":"2023-08-30T13:21:56.892Z","v":0}
{"name":"LibraryManagement","hostname":"erdem-macbook.local","pid":53491,"level":30,"method":"createBookService","url":"Creating book","timestamp":"2023-08-30T13:22:08.771Z","msg":"Incoming request","time":"2023-08-30T13:22:08.771Z","v":0}
{"name":"LibraryManagement","hostname":"erdem-macbook.local","pid":53491,"level":30,"method":"getBookService","url":"Fetching books","timestamp":"2023-08-30T13:22:08.843Z","msg":"Incoming request","time":"2023-08-30T13:22:08.843Z","v":0}
{"name":"LibraryManagement","hostname":"erdem-macbook.local","pid":53491,"level":30,"method":"getBookByIdService","url":"Fetching book with id1","timestamp":"2023-08-30T13:22:08.848Z","msg":"Incoming request","time":"2023-08-30T13:22:08.848Z","v":0}
{"name":"LibraryManagement","hostname":"erdem-macbook.local","pid":53491,"level":30,"method":"getBookByIdService","url":"Fetching book with id75","timestamp":"2023-08-30T13:22:08.856Z","msg":"Incoming request","time":"2023-08-30T13:22:08.856Z","v":0}
{"name":"LibraryManagement","hostname":"erdem-macbook.local","pid":53579,"level":30,"method":"createBookService","url":"Creating book","timestamp":"2023-08-30T13:22:23.494Z","msg":"Incoming request","time":"2023-08-30T13:22:23.494Z","v":0}
{"name":"LibraryManagement","hostname":"erdem-macbook.local","pid":53579,"level":30,"method":"getBookService","url":"Fetching books","timestamp":"2023-08-30T13:22:23.581Z","msg":"Incoming request","time":"2023-08-30T13:22:23.581Z","v":0}
{"name":"LibraryManagement","hostname":"erdem-macbook.local","pid":53579,"level":30,"method":"getBookByIdService","url":"Fetching book with id1","timestamp":"2023-08-30T13:22:23.588Z","msg":"Incoming request","time":"2023-08-30T13:22:23.588Z","v":0}
{"name":"LibraryManagement","hostname":"erdem-macbook.local","pid":53579,"level":30,"method":"getBookByIdService","url":"Fetching book with id75","timestamp":"2023-08-30T13:22:23.598Z","msg":"Incoming request","time":"2023-08-30T13:22:23.598Z","v":0}
{"name":"LibraryManagement","hostname":"erdem-macbook.local","pid":53684,"level":30,"method":"createBookService","url":"Creating book","timestamp":"2023-08-30T13:22:50.020Z","msg":"Incoming request","time":"2023-08-30T13:22:50.020Z","v":0}
{"name":"LibraryManagement","hostname":"erdem-macbook.local","pid":53684,"level":30,"method":"getBookService","url":"Fetching books","timestamp":"2023-08-30T13:22:50.086Z","msg":"Incoming request","time":"2023-08-30T13:22:50.086Z","v":0}
{"name":"LibraryManagement","hostname":"erdem-macbook.local","pid":53684,"level":30,"method":"getBookByIdService","url":"Fetching book with id1","timestamp":"2023-08-30T13:22:50.093Z","msg":"Incoming request","time":"2023-08-30T13:22:50.093Z","v":0}
{"name":"LibraryManagement","hostname":"erdem-macbook.local","pid":53684,"level":30,"method":"getBookByIdService","url":"Fetching book with id75","timestamp":"2023-08-30T13:22:50.102Z","msg":"Incoming request","time":"2023-08-30T13:22:50.102Z","v":0}
{"name":"LibraryManagement","hostname":"erdem-macbook.local","pid":53760,"level":30,"method":"createBookService","url":"Creating book","timestamp":"2023-08-30T13:22:59.494Z","msg":"Incoming request","time":"2023-08-30T13:22:59.494Z","v":0}
{"name":"LibraryManagement","hostname":"erdem-macbook.local","pid":53760,"level":30,"method":"getBookService","url":"Fetching books","timestamp":"2023-08-30T13:22:59.556Z","msg":"Incoming request","time":"2023-08-30T13:22:59.556Z","v":0}
{"name":"LibraryManagement","hostname":"erdem-macbook.local","pid":53760,"level":30,"method":"getBookByIdService","url":"Fetching book with id1","timestamp":"2023-08-30T13:22:59.561Z","msg":"Incoming request","time":"2023-08-30T13:22:59.561Z","v":0}
{"name":"LibraryManagement","hostname":"erdem-macbook.local","pid":53760,"level":30,"method":"getBookByIdService","url":"Fetching book with id75","timestamp":"2023-08-30T13:22:59.568Z","msg":"Incoming request","time":"2023-08-30T13:22:59.568Z","v":0}
{"name":"LibraryManagement","hostname":"erdem-macbook.local","pid":53972,"level":30,"method":"createBookService","url":"Creating book","timestamp":"2023-08-30T13:24:15.373Z","msg":"Incoming request","time":"2023-08-30T13:24:15.373Z","v":0}
{"name":"LibraryManagement","hostname":"erdem-macbook.local","pid":53972,"level":30,"method":"getBookService","url":"Fetching books","timestamp":"2023-08-30T13:24:15.449Z","msg":"Incoming request","time":"2023-08-30T13:24:15.449Z","v":0}
{"name":"LibraryManagement","hostname":"erdem-macbook.local","pid":53972,"level":30,"method":"getBookByIdService","url":"Fetching book with id1","timestamp":"2023-08-30T13:24:15.457Z","msg":"Incoming request","time":"2023-08-30T13:24:15.457Z","v":0}
{"name":"LibraryManagement","hostname":"erdem-macbook.local","pid":53972,"level":30,"method":"getBookByIdService","url":"Fetching book with id75","timestamp":"2023-08-30T13:24:15.465Z","msg":"Incoming request","time":"2023-08-30T13:24:15.465Z","v":0}
{"name":"LibraryManagement","hostname":"erdem-macbook.local","pid":54110,"level":30,"method":"createBookService","url":"Creating book","timestamp":"2023-08-30T13:24:53.814Z","msg":"Incoming request","time":"2023-08-30T13:24:53.814Z","v":0}
{"name":"LibraryManagement","hostname":"erdem-macbook.local","pid":54110,"level":30,"method":"getBookService","url":"Fetching books","timestamp":"2023-08-30T13:24:53.925Z","msg":"Incoming request","time":"2023-08-30T13:24:53.925Z","v":0}
{"name":"LibraryManagement","hostname":"erdem-macbook.local","pid":54110,"level":30,"method":"getBookByIdService","url":"Fetching book with id1","timestamp":"2023-08-30T13:24:53.931Z","msg":"Incoming request","time":"2023-08-30T13:24:53.931Z","v":0}
{"name":"LibraryManagement","hostname":"erdem-macbook.local","pid":54110,"level":30,"method":"getBookByIdService","url":"Fetching book with id75","timestamp":"2023-08-30T13:24:53.940Z","msg":"Incoming request","time":"2023-08-30T13:24:53.940Z","v":0}
{"name":"LibraryManagement","hostname":"erdem-macbook.local","pid":54205,"level":30,"method":"createBookService","url":"Creating book","timestamp":"2023-08-30T13:25:13.920Z","msg":"Incoming request","time":"2023-08-30T13:25:13.920Z","v":0}
{"name":"LibraryManagement","hostname":"erdem-macbook.local","pid":54205,"level":30,"method":"getBookService","url":"Fetching books","timestamp":"2023-08-30T13:25:13.987Z","msg":"Incoming request","time":"2023-08-30T13:25:13.987Z","v":0}
{"name":"LibraryManagement","hostname":"erdem-macbook.local","pid":54205,"level":30,"method":"getBookByIdService","url":"Fetching book with id1","timestamp":"2023-08-30T13:25:13.993Z","msg":"Incoming request","time":"2023-08-30T13:25:13.993Z","v":0}
{"name":"LibraryManagement","hostname":"erdem-macbook.local","pid":54205,"level":30,"method":"getBookByIdService","url":"Fetching book with id75","timestamp":"2023-08-30T13:25:14.000Z","msg":"Incoming request","time":"2023-08-30T13:25:14.000Z","v":0}
{"name":"LibraryManagement","hostname":"erdem-macbook.local","pid":54307,"level":30,"method":"createBookService","url":"Creating book","timestamp":"2023-08-30T13:25:29.318Z","msg":"Incoming request","time":"2023-08-30T13:25:29.318Z","v":0}
{"name":"LibraryManagement","hostname":"erdem-macbook.local","pid":54307,"level":30,"method":"getBookService","url":"Fetching books","timestamp":"2023-08-30T13:25:29.398Z","msg":"Incoming request","time":"2023-08-30T13:25:29.398Z","v":0}
{"name":"LibraryManagement","hostname":"erdem-macbook.local","pid":54307,"level":30,"method":"getBookByIdService","url":"Fetching book with id1","timestamp":"2023-08-30T13:25:29.404Z","msg":"Incoming request","time":"2023-08-30T13:25:29.404Z","v":0}
{"name":"LibraryManagement","hostname":"erdem-macbook.local","pid":54307,"level":30,"method":"getBookByIdService","url":"Fetching book with id75","timestamp":"2023-08-30T13:25:29.413Z","msg":"Incoming request","time":"2023-08-30T13:25:29.413Z","v":0}
{"name":"LibraryManagement","hostname":"erdem-macbook.local","pid":54724,"level":30,"method":"createUserService","url":"Creating user with name[object Object]","timestamp":"2023-08-30T13:28:26.786Z","msg":"Incoming request","time":"2023-08-30T13:28:26.786Z","v":0}
{"name":"LibraryManagement","hostname":"erdem-macbook.local","pid":54724,"level":30,"method":"getUsersService","url":"Fetching users","timestamp":"2023-08-30T13:28:26.789Z","msg":"Incoming request","time":"2023-08-30T13:28:26.789Z","v":0}
{"name":"LibraryManagement","hostname":"erdem-macbook.local","pid":54724,"level":30,"method":"getUserByIdService","url":"Fetching user with id1","timestamp":"2023-08-30T13:28:26.792Z","msg":"Incoming request","time":"2023-08-30T13:28:26.792Z","v":0}
{"name":"LibraryManagement","hostname":"erdem-macbook.local","pid":54724,"level":30,"method":"getUserByIdService","url":"Fetching user with id75","timestamp":"2023-08-30T13:28:26.794Z","msg":"Incoming request","time":"2023-08-30T13:28:26.794Z","v":0}
{"name":"LibraryManagement","hostname":"erdem-macbook.local","pid":54886,"level":30,"method":"createUserService","url":"Creating user with name[object Object]","timestamp":"2023-08-30T13:29:17.973Z","msg":"Incoming request","time":"2023-08-30T13:29:17.973Z","v":0}
{"name":"LibraryManagement","hostname":"erdem-macbook.local","pid":54886,"level":30,"method":"getUsersService","url":"Fetching users","timestamp":"2023-08-30T13:29:17.976Z","msg":"Incoming request","time":"2023-08-30T13:29:17.976Z","v":0}
{"name":"LibraryManagement","hostname":"erdem-macbook.local","pid":54886,"level":30,"method":"getUserByIdService","url":"Fetching user with id1","timestamp":"2023-08-30T13:29:17.995Z","msg":"Incoming request","time":"2023-08-30T13:29:17.995Z","v":0}
{"name":"LibraryManagement","hostname":"erdem-macbook.local","pid":54886,"level":30,"method":"getUserByIdService","url":"Fetching user with id75","timestamp":"2023-08-30T13:29:17.996Z","msg":"Incoming request","time":"2023-08-30T13:29:17.996Z","v":0}
{"name":"LibraryManagement","hostname":"erdem-macbook.local","pid":55042,"level":30,"method":"createUserService","url":"Creating user with name[object Object]","timestamp":"2023-08-30T13:29:59.815Z","msg":"Incoming request","time":"2023-08-30T13:29:59.815Z","v":0}
{"name":"LibraryManagement","hostname":"erdem-macbook.local","pid":55042,"level":30,"method":"getUsersService","url":"Fetching users","timestamp":"2023-08-30T13:29:59.817Z","msg":"Incoming request","time":"2023-08-30T13:29:59.817Z","v":0}
{"name":"LibraryManagement","hostname":"erdem-macbook.local","pid":55042,"level":30,"method":"getUserByIdService","url":"Fetching user with id1","timestamp":"2023-08-30T13:29:59.832Z","msg":"Incoming request","time":"2023-08-30T13:29:59.832Z","v":0}
{"name":"LibraryManagement","hostname":"erdem-macbook.local","pid":55042,"level":30,"method":"getUserByIdService","url":"Fetching user with id75","timestamp":"2023-08-30T13:29:59.833Z","msg":"Incoming request","time":"2023-08-30T13:29:59.833Z","v":0}
{"name":"LibraryManagement","hostname":"erdem-macbook.local","pid":55343,"level":30,"method":"createUserService","url":"Creating user with name[object Object]","timestamp":"2023-08-30T13:31:43.687Z","msg":"Incoming request","time":"2023-08-30T13:31:43.687Z","v":0}
{"name":"LibraryManagement","hostname":"erdem-macbook.local","pid":55343,"level":30,"method":"getUsersService","url":"Fetching users","timestamp":"2023-08-30T13:31:43.690Z","msg":"Incoming request","time":"2023-08-30T13:31:43.690Z","v":0}
{"name":"LibraryManagement","hostname":"erdem-macbook.local","pid":55343,"level":30,"method":"getUserByIdService","url":"Fetching user with id1","timestamp":"2023-08-30T13:31:43.704Z","msg":"Incoming request","time":"2023-08-30T13:31:43.704Z","v":0}
{"name":"LibraryManagement","hostname":"erdem-macbook.local","pid":55343,"level":30,"method":"getUserByIdService","url":"Fetching user with id75","timestamp":"2023-08-30T13:31:43.706Z","msg":"Incoming request","time":"2023-08-30T13:31:43.706Z","v":0}
{"name":"LibraryManagement","hostname":"erdem-macbook.local","pid":55618,"level":30,"method":"createUserService","url":"Creating user with name[object Object]","timestamp":"2023-08-30T13:33:23.544Z","msg":"Incoming request","time":"2023-08-30T13:33:23.544Z","v":0}
{"name":"LibraryManagement","hostname":"erdem-macbook.local","pid":55618,"level":30,"method":"getUsersService","url":"Fetching users","timestamp":"2023-08-30T13:33:23.547Z","msg":"Incoming request","time":"2023-08-30T13:33:23.547Z","v":0}
{"name":"LibraryManagement","hostname":"erdem-macbook.local","pid":55618,"level":30,"method":"getUserByIdService","url":"Fetching user with id1","timestamp":"2023-08-30T13:33:23.561Z","msg":"Incoming request","time":"2023-08-30T13:33:23.561Z","v":0}
{"name":"LibraryManagement","hostname":"erdem-macbook.local","pid":55618,"level":30,"method":"getUserByIdService","url":"Fetching user with id75","timestamp":"2023-08-30T13:33:23.563Z","msg":"Incoming request","time":"2023-08-30T13:33:23.563Z","v":0}
{"name":"LibraryManagement","hostname":"erdem-macbook.local","pid":56533,"level":30,"method":"createUserService","url":"Creating user with name[object Object]","timestamp":"2023-08-30T13:35:57.360Z","msg":"Incoming request","time":"2023-08-30T13:35:57.360Z","v":0}
{"name":"LibraryManagement","hostname":"erdem-macbook.local","pid":56533,"level":30,"method":"getUsersService","url":"Fetching users","timestamp":"2023-08-30T13:35:57.363Z","msg":"Incoming request","time":"2023-08-30T13:35:57.363Z","v":0}
{"name":"LibraryManagement","hostname":"erdem-macbook.local","pid":56533,"level":30,"method":"getUserByIdService","url":"Fetching user with id1","timestamp":"2023-08-30T13:35:57.377Z","msg":"Incoming request","time":"2023-08-30T13:35:57.377Z","v":0}
{"name":"LibraryManagement","hostname":"erdem-macbook.local","pid":56533,"level":30,"method":"getUserByIdService","url":"Fetching user with id75","timestamp":"2023-08-30T13:35:57.379Z","msg":"Incoming request","time":"2023-08-30T13:35:57.379Z","v":0}
{"name":"LibraryManagement","hostname":"erdem-macbook.local","pid":56646,"level":30,"method":"getUsersService","url":"Fetching users","timestamp":"2023-08-30T13:36:27.740Z","msg":"Incoming request","time":"2023-08-30T13:36:27.740Z","v":0}
{"name":"LibraryManagement","hostname":"erdem-macbook.local","pid":56646,"level":30,"method":"getUserByIdService","url":"Fetching user with id1","timestamp":"2023-08-30T13:36:30.582Z","msg":"Incoming request","time":"2023-08-30T13:36:30.582Z","v":0}
{"name":"LibraryManagement","hostname":"erdem-macbook.local","pid":56716,"level":30,"method":"createUserService","url":"Creating user with name[object Object]","timestamp":"2023-08-30T13:36:37.345Z","msg":"Incoming request","time":"2023-08-30T13:36:37.345Z","v":0}
{"name":"LibraryManagement","hostname":"erdem-macbook.local","pid":56716,"level":30,"method":"getUsersService","url":"Fetching users","timestamp":"2023-08-30T13:36:37.350Z","msg":"Incoming request","time":"2023-08-30T13:36:37.350Z","v":0}
{"name":"LibraryManagement","hostname":"erdem-macbook.local","pid":56716,"level":30,"method":"getUserByIdService","url":"Fetching user with id1","timestamp":"2023-08-30T13:36:37.364Z","msg":"Incoming request","time":"2023-08-30T13:36:37.364Z","v":0}
{"name":"LibraryManagement","hostname":"erdem-macbook.local","pid":56716,"level":30,"method":"getUserByIdService","url":"Fetching user with id75","timestamp":"2023-08-30T13:36:37.366Z","msg":"Incoming request","time":"2023-08-30T13:36:37.366Z","v":0}
{"name":"LibraryManagement","hostname":"erdem-macbook.local","pid":56824,"level":30,"method":"getUsersService","url":"Fetching users","timestamp":"2023-08-30T13:37:03.914Z","msg":"Incoming request","time":"2023-08-30T13:37:03.914Z","v":0}
{"name":"LibraryManagement","hostname":"erdem-macbook.local","pid":56824,"level":30,"method":"getUserByIdService","url":"Fetching user with id1","timestamp":"2023-08-30T13:37:03.930Z","msg":"Incoming request","time":"2023-08-30T13:37:03.930Z","v":0}
{"name":"LibraryManagement","hostname":"erdem-macbook.local","pid":56824,"level":30,"method":"getUserByIdService","url":"Fetching user with id75","timestamp":"2023-08-30T13:37:03.931Z","msg":"Incoming request","time":"2023-08-30T13:37:03.931Z","v":0}
{"name":"LibraryManagement","hostname":"erdem-macbook.local","pid":56951,"level":30,"method":"createUserService","url":"Creating user with name[object Object]","timestamp":"2023-08-30T13:37:38.315Z","msg":"Incoming request","time":"2023-08-30T13:37:38.316Z","v":0}
{"name":"LibraryManagement","hostname":"erdem-macbook.local","pid":56951,"level":30,"method":"getUsersService","url":"Fetching users","timestamp":"2023-08-30T13:37:38.318Z","msg":"Incoming request","time":"2023-08-30T13:37:38.318Z","v":0}
{"name":"LibraryManagement","hostname":"erdem-macbook.local","pid":56951,"level":30,"method":"getUserByIdService","url":"Fetching user with id1","timestamp":"2023-08-30T13:37:38.333Z","msg":"Incoming request","time":"2023-08-30T13:37:38.333Z","v":0}
{"name":"LibraryManagement","hostname":"erdem-macbook.local","pid":56951,"level":30,"method":"getUserByIdService","url":"Fetching user with id75","timestamp":"2023-08-30T13:37:38.334Z","msg":"Incoming request","time":"2023-08-30T13:37:38.334Z","v":0}
{"name":"LibraryManagement","hostname":"erdem-macbook.local","pid":57188,"level":30,"method":"createUserService","url":"Creating user with name[object Object]","timestamp":"2023-08-30T13:39:06.973Z","msg":"Incoming request","time":"2023-08-30T13:39:06.973Z","v":0}
{"name":"LibraryManagement","hostname":"erdem-macbook.local","pid":57188,"level":30,"method":"getUsersService","url":"Fetching users","timestamp":"2023-08-30T13:39:06.976Z","msg":"Incoming request","time":"2023-08-30T13:39:06.976Z","v":0}
{"name":"LibraryManagement","hostname":"erdem-macbook.local","pid":57188,"level":30,"method":"getUserByIdService","url":"Fetching user with id1","timestamp":"2023-08-30T13:39:06.997Z","msg":"Incoming request","time":"2023-08-30T13:39:06.997Z","v":0}
{"name":"LibraryManagement","hostname":"erdem-macbook.local","pid":57188,"level":30,"method":"getUserByIdService","url":"Fetching user with id75","timestamp":"2023-08-30T13:39:06.999Z","msg":"Incoming request","time":"2023-08-30T13:39:06.999Z","v":0}
{"name":"LibraryManagement","hostname":"erdem-macbook.local","pid":57285,"level":30,"method":"createUserService","url":"Creating user with name[object Object]","timestamp":"2023-08-30T13:39:26.737Z","msg":"Incoming request","time":"2023-08-30T13:39:26.737Z","v":0}
{"name":"LibraryManagement","hostname":"erdem-macbook.local","pid":57285,"level":30,"method":"getUsersService","url":"Fetching users","timestamp":"2023-08-30T13:39:26.739Z","msg":"Incoming request","time":"2023-08-30T13:39:26.739Z","v":0}
{"name":"LibraryManagement","hostname":"erdem-macbook.local","pid":57285,"level":30,"method":"getUserByIdService","url":"Fetching user with id1","timestamp":"2023-08-30T13:39:26.761Z","msg":"Incoming request","time":"2023-08-30T13:39:26.761Z","v":0}
{"name":"LibraryManagement","hostname":"erdem-macbook.local","pid":57285,"level":30,"method":"getUserByIdService","url":"Fetching user with id75","timestamp":"2023-08-30T13:39:26.762Z","msg":"Incoming request","time":"2023-08-30T13:39:26.762Z","v":0}
{"name":"LibraryManagement","hostname":"erdem-macbook.local","pid":57450,"level":30,"method":"createUserService","url":"Creating user with name[object Object]","timestamp":"2023-08-30T13:40:20.468Z","msg":"Incoming request","time":"2023-08-30T13:40:20.468Z","v":0}
{"name":"LibraryManagement","hostname":"erdem-macbook.local","pid":57450,"level":30,"method":"getUsersService","url":"Fetching users","timestamp":"2023-08-30T13:40:20.483Z","msg":"Incoming request","time":"2023-08-30T13:40:20.483Z","v":0}
{"name":"LibraryManagement","hostname":"erdem-macbook.local","pid":57450,"level":30,"method":"getUserByIdService","url":"Fetching user with id1","timestamp":"2023-08-30T13:40:20.495Z","msg":"Incoming request","time":"2023-08-30T13:40:20.495Z","v":0}
{"name":"LibraryManagement","hostname":"erdem-macbook.local","pid":57450,"level":30,"method":"getUserByIdService","url":"Fetching user with id75","timestamp":"2023-08-30T13:40:20.496Z","msg":"Incoming request","time":"2023-08-30T13:40:20.497Z","v":0}
{"name":"LibraryManagement","hostname":"erdem-macbook.local","pid":57706,"level":30,"method":"createUserService","url":"Creating user with name[object Object]","timestamp":"2023-08-30T13:41:58.743Z","msg":"Incoming request","time":"2023-08-30T13:41:58.743Z","v":0}
{"name":"LibraryManagement","hostname":"erdem-macbook.local","pid":57706,"level":30,"method":"getUsersService","url":"Fetching users","timestamp":"2023-08-30T13:41:58.758Z","msg":"Incoming request","time":"2023-08-30T13:41:58.758Z","v":0}
{"name":"LibraryManagement","hostname":"erdem-macbook.local","pid":57706,"level":30,"method":"getUserByIdService","url":"Fetching user with id1","timestamp":"2023-08-30T13:41:58.768Z","msg":"Incoming request","time":"2023-08-30T13:41:58.768Z","v":0}
{"name":"LibraryManagement","hostname":"erdem-macbook.local","pid":57706,"level":30,"method":"getUserByIdService","url":"Fetching user with id75","timestamp":"2023-08-30T13:41:58.770Z","msg":"Incoming request","time":"2023-08-30T13:41:58.770Z","v":0}
{"name":"LibraryManagement","hostname":"erdem-macbook.local","pid":57862,"level":30,"method":"createUserService","url":"Creating user with name[object Object]","timestamp":"2023-08-30T13:42:47.660Z","msg":"Incoming request","time":"2023-08-30T13:42:47.661Z","v":0}
{"name":"LibraryManagement","hostname":"erdem-macbook.local","pid":57862,"level":30,"method":"getUsersService","url":"Fetching users","timestamp":"2023-08-30T13:42:47.663Z","msg":"Incoming request","time":"2023-08-30T13:42:47.663Z","v":0}
{"name":"LibraryManagement","hostname":"erdem-macbook.local","pid":57862,"level":30,"method":"getUserByIdService","url":"Fetching user with id1","timestamp":"2023-08-30T13:42:47.680Z","msg":"Incoming request","time":"2023-08-30T13:42:47.680Z","v":0}
{"name":"LibraryManagement","hostname":"erdem-macbook.local","pid":57862,"level":30,"method":"getUserByIdService","url":"Fetching user with id75","timestamp":"2023-08-30T13:42:47.681Z","msg":"Incoming request","time":"2023-08-30T13:42:47.681Z","v":0}
{"name":"LibraryManagement","hostname":"erdem-macbook.local","pid":57955,"level":30,"method":"createUserService","url":"Creating user with name[object Object]","timestamp":"2023-08-30T13:43:05.571Z","msg":"Incoming request","time":"2023-08-30T13:43:05.571Z","v":0}
{"name":"LibraryManagement","hostname":"erdem-macbook.local","pid":57955,"level":30,"method":"getUsersService","url":"Fetching users","timestamp":"2023-08-30T13:43:05.573Z","msg":"Incoming request","time":"2023-08-30T13:43:05.573Z","v":0}
{"name":"LibraryManagement","hostname":"erdem-macbook.local","pid":57955,"level":30,"method":"getUserByIdService","url":"Fetching user with id1","timestamp":"2023-08-30T13:43:05.575Z","msg":"Incoming request","time":"2023-08-30T13:43:05.575Z","v":0}
{"name":"LibraryManagement","hostname":"erdem-macbook.local","pid":57955,"level":30,"method":"getUserByIdService","url":"Fetching user with id75","timestamp":"2023-08-30T13:43:05.576Z","msg":"Incoming request","time":"2023-08-30T13:43:05.576Z","v":0}
{"name":"LibraryManagement","hostname":"erdem-macbook.local","pid":58078,"level":30,"method":"createUserService","url":"Creating user with name[object Object]","timestamp":"2023-08-30T13:43:40.622Z","msg":"Incoming request","time":"2023-08-30T13:43:40.623Z","v":0}
{"name":"LibraryManagement","hostname":"erdem-macbook.local","pid":58078,"level":30,"method":"getUsersService","url":"Fetching users","timestamp":"2023-08-30T13:43:40.625Z","msg":"Incoming request","time":"2023-08-30T13:43:40.625Z","v":0}
{"name":"LibraryManagement","hostname":"erdem-macbook.local","pid":58078,"level":30,"method":"getUserByIdService","url":"Fetching user with id1","timestamp":"2023-08-30T13:43:40.626Z","msg":"Incoming request","time":"2023-08-30T13:43:40.626Z","v":0}
{"name":"LibraryManagement","hostname":"erdem-macbook.local","pid":58078,"level":30,"method":"getUserByIdService","url":"Fetching user with id75","timestamp":"2023-08-30T13:43:40.628Z","msg":"Incoming request","time":"2023-08-30T13:43:40.628Z","v":0}
{"name":"LibraryManagement","hostname":"erdem-macbook.local","pid":58159,"level":30,"method":"createUserService","url":"Creating user with name[object Object]","timestamp":"2023-08-30T13:43:51.950Z","msg":"Incoming request","time":"2023-08-30T13:43:51.950Z","v":0}
{"name":"LibraryManagement","hostname":"erdem-macbook.local","pid":58159,"level":30,"method":"getUsersService","url":"Fetching users","timestamp":"2023-08-30T13:43:51.952Z","msg":"Incoming request","time":"2023-08-30T13:43:51.952Z","v":0}
{"name":"LibraryManagement","hostname":"erdem-macbook.local","pid":58159,"level":30,"method":"getUserByIdService","url":"Fetching user with id1","timestamp":"2023-08-30T13:43:51.954Z","msg":"Incoming request","time":"2023-08-30T13:43:51.954Z","v":0}
{"name":"LibraryManagement","hostname":"erdem-macbook.local","pid":58159,"level":30,"method":"getUserByIdService","url":"Fetching user with id75","timestamp":"2023-08-30T13:43:51.955Z","msg":"Incoming request","time":"2023-08-30T13:43:51.955Z","v":0}
{"name":"LibraryManagement","hostname":"erdem-macbook.local","pid":58633,"level":30,"method":"createUserService","url":"Creating user with name[object Object]","timestamp":"2023-08-30T13:47:06.999Z","msg":"Incoming request","time":"2023-08-30T13:47:06.999Z","v":0}
{"name":"LibraryManagement","hostname":"erdem-macbook.local","pid":58633,"level":30,"method":"getUsersService","url":"Fetching users","timestamp":"2023-08-30T13:47:07.002Z","msg":"Incoming request","time":"2023-08-30T13:47:07.002Z","v":0}
{"name":"LibraryManagement","hostname":"erdem-macbook.local","pid":58633,"level":30,"method":"getUserByIdService","url":"Fetching user with id1","timestamp":"2023-08-30T13:47:07.003Z","msg":"Incoming request","time":"2023-08-30T13:47:07.003Z","v":0}
{"name":"LibraryManagement","hostname":"erdem-macbook.local","pid":58633,"level":30,"method":"getUserByIdService","url":"Fetching user with id75","timestamp":"2023-08-30T13:47:07.005Z","msg":"Incoming request","time":"2023-08-30T13:47:07.005Z","v":0}
{"name":"LibraryManagement","hostname":"erdem-macbook.local","pid":58633,"level":30,"method":"borrowBookService","url":"Borrowing book for userId:1bookId1","timestamp":"2023-08-30T13:47:07.006Z","msg":"Incoming request","time":"2023-08-30T13:47:07.006Z","v":0}
{"name":"LibraryManagement","hostname":"erdem-macbook.local","pid":58756,"level":30,"method":"createUserService","url":"Creating user with name[object Object]","timestamp":"2023-08-30T13:47:41.291Z","msg":"Incoming request","time":"2023-08-30T13:47:41.291Z","v":0}
{"name":"LibraryManagement","hostname":"erdem-macbook.local","pid":58756,"level":30,"method":"getUsersService","url":"Fetching users","timestamp":"2023-08-30T13:47:41.294Z","msg":"Incoming request","time":"2023-08-30T13:47:41.294Z","v":0}
{"name":"LibraryManagement","hostname":"erdem-macbook.local","pid":58756,"level":30,"method":"getUserByIdService","url":"Fetching user with id1","timestamp":"2023-08-30T13:47:41.296Z","msg":"Incoming request","time":"2023-08-30T13:47:41.296Z","v":0}
{"name":"LibraryManagement","hostname":"erdem-macbook.local","pid":58756,"level":30,"method":"getUserByIdService","url":"Fetching user with id75","timestamp":"2023-08-30T13:47:41.301Z","msg":"Incoming request","time":"2023-08-30T13:47:41.301Z","v":0}
{"name":"LibraryManagement","hostname":"erdem-macbook.local","pid":58756,"level":30,"method":"borrowBookService","url":"Borrowing book for userId:1bookId1","timestamp":"2023-08-30T13:47:41.303Z","msg":"Incoming request","time":"2023-08-30T13:47:41.303Z","v":0}
{"name":"LibraryManagement","hostname":"erdem-macbook.local","pid":59172,"level":30,"method":"createUserService","url":"Creating user with name[object Object]","timestamp":"2023-08-30T13:49:53.510Z","msg":"Incoming request","time":"2023-08-30T13:49:53.510Z","v":0}
{"name":"LibraryManagement","hostname":"erdem-macbook.local","pid":59172,"level":30,"method":"getUsersService","url":"Fetching users","timestamp":"2023-08-30T13:49:53.513Z","msg":"Incoming request","time":"2023-08-30T13:49:53.513Z","v":0}
{"name":"LibraryManagement","hostname":"erdem-macbook.local","pid":59172,"level":30,"method":"getUserByIdService","url":"Fetching user with id1","timestamp":"2023-08-30T13:49:53.514Z","msg":"Incoming request","time":"2023-08-30T13:49:53.514Z","v":0}
{"name":"LibraryManagement","hostname":"erdem-macbook.local","pid":59172,"level":30,"method":"getUserByIdService","url":"Fetching user with id75","timestamp":"2023-08-30T13:49:53.515Z","msg":"Incoming request","time":"2023-08-30T13:49:53.515Z","v":0}
{"name":"LibraryManagement","hostname":"erdem-macbook.local","pid":59172,"level":30,"method":"borrowBookService","url":"Borrowing book for userId:1bookId1","timestamp":"2023-08-30T13:49:53.517Z","msg":"Incoming request","time":"2023-08-30T13:49:53.517Z","v":0}
{"name":"LibraryManagement","hostname":"erdem-macbook.local","pid":59261,"level":30,"method":"createUserService","url":"Creating user with name[object Object]","timestamp":"2023-08-30T13:50:09.358Z","msg":"Incoming request","time":"2023-08-30T13:50:09.358Z","v":0}
{"name":"LibraryManagement","hostname":"erdem-macbook.local","pid":59261,"level":30,"method":"getUsersService","url":"Fetching users","timestamp":"2023-08-30T13:50:09.361Z","msg":"Incoming request","time":"2023-08-30T13:50:09.361Z","v":0}
{"name":"LibraryManagement","hostname":"erdem-macbook.local","pid":59261,"level":30,"method":"getUserByIdService","url":"Fetching user with id1","timestamp":"2023-08-30T13:50:09.362Z","msg":"Incoming request","time":"2023-08-30T13:50:09.362Z","v":0}
{"name":"LibraryManagement","hostname":"erdem-macbook.local","pid":59261,"level":30,"method":"getUserByIdService","url":"Fetching user with id75","timestamp":"2023-08-30T13:50:09.364Z","msg":"Incoming request","time":"2023-08-30T13:50:09.364Z","v":0}
{"name":"LibraryManagement","hostname":"erdem-macbook.local","pid":59261,"level":30,"method":"borrowBookService","url":"Borrowing book for userId:1bookId1","timestamp":"2023-08-30T13:50:09.366Z","msg":"Incoming request","time":"2023-08-30T13:50:09.366Z","v":0}
{"name":"LibraryManagement","hostname":"erdem-macbook.local","pid":59385,"level":30,"method":"createUserService","url":"Creating user with name[object Object]","timestamp":"2023-08-30T13:50:32.878Z","msg":"Incoming request","time":"2023-08-30T13:50:32.878Z","v":0}
{"name":"LibraryManagement","hostname":"erdem-macbook.local","pid":59385,"level":30,"method":"getUsersService","url":"Fetching users","timestamp":"2023-08-30T13:50:32.881Z","msg":"Incoming request","time":"2023-08-30T13:50:32.881Z","v":0}
{"name":"LibraryManagement","hostname":"erdem-macbook.local","pid":59385,"level":30,"method":"getUserByIdService","url":"Fetching user with id1","timestamp":"2023-08-30T13:50:32.884Z","msg":"Incoming request","time":"2023-08-30T13:50:32.884Z","v":0}
{"name":"LibraryManagement","hostname":"erdem-macbook.local","pid":59385,"level":30,"method":"getUserByIdService","url":"Fetching user with id75","timestamp":"2023-08-30T13:50:32.885Z","msg":"Incoming request","time":"2023-08-30T13:50:32.885Z","v":0}
{"name":"LibraryManagement","hostname":"erdem-macbook.local","pid":59385,"level":30,"method":"borrowBookService","url":"Borrowing book for userId:5bookId1","timestamp":"2023-08-30T13:50:32.887Z","msg":"Incoming request","time":"2023-08-30T13:50:32.887Z","v":0}
{"name":"LibraryManagement","hostname":"erdem-macbook.local","pid":59484,"level":30,"method":"createBooking","url":"Creating booking for userId1bookId1","timestamp":"2023-08-30T13:51:00.762Z","msg":"Incoming request","time":"2023-08-30T13:51:00.762Z","v":0}
{"name":"LibraryManagement","hostname":"erdem-macbook.local","pid":59484,"level":30,"method":"returnBooking","url":"Returning booking for userId1bookId1","timestamp":"2023-08-30T13:51:09.128Z","msg":"Incoming request","time":"2023-08-30T13:51:09.128Z","v":0}
{"name":"LibraryManagement","hostname":"erdem-macbook.local","pid":59562,"level":30,"method":"createUserService","url":"Creating user with name[object Object]","timestamp":"2023-08-30T13:51:15.338Z","msg":"Incoming request","time":"2023-08-30T13:51:15.338Z","v":0}
{"name":"LibraryManagement","hostname":"erdem-macbook.local","pid":59562,"level":30,"method":"getUsersService","url":"Fetching users","timestamp":"2023-08-30T13:51:15.340Z","msg":"Incoming request","time":"2023-08-30T13:51:15.340Z","v":0}
{"name":"LibraryManagement","hostname":"erdem-macbook.local","pid":59562,"level":30,"method":"getUserByIdService","url":"Fetching user with id1","timestamp":"2023-08-30T13:51:15.342Z","msg":"Incoming request","time":"2023-08-30T13:51:15.342Z","v":0}
{"name":"LibraryManagement","hostname":"erdem-macbook.local","pid":59562,"level":30,"method":"getUserByIdService","url":"Fetching user with id75","timestamp":"2023-08-30T13:51:15.343Z","msg":"Incoming request","time":"2023-08-30T13:51:15.343Z","v":0}
{"name":"LibraryManagement","hostname":"erdem-macbook.local","pid":59562,"level":30,"method":"borrowBookService","url":"Borrowing book for userId:1bookId1","timestamp":"2023-08-30T13:51:15.345Z","msg":"Incoming request","time":"2023-08-30T13:51:15.345Z","v":0}
{"name":"LibraryManagement","hostname":"erdem-macbook.local","pid":59707,"level":30,"method":"createUserService","url":"Creating user with name[object Object]","timestamp":"2023-08-30T13:51:56.853Z","msg":"Incoming request","time":"2023-08-30T13:51:56.854Z","v":0}
{"name":"LibraryManagement","hostname":"erdem-macbook.local","pid":59707,"level":30,"method":"getUsersService","url":"Fetching users","timestamp":"2023-08-30T13:51:56.856Z","msg":"Incoming request","time":"2023-08-30T13:51:56.856Z","v":0}
{"name":"LibraryManagement","hostname":"erdem-macbook.local","pid":59707,"level":30,"method":"getUserByIdService","url":"Fetching user with id1","timestamp":"2023-08-30T13:51:56.857Z","msg":"Incoming request","time":"2023-08-30T13:51:56.857Z","v":0}
{"name":"LibraryManagement","hostname":"erdem-macbook.local","pid":59707,"level":30,"method":"getUserByIdService","url":"Fetching user with id75","timestamp":"2023-08-30T13:51:56.859Z","msg":"Incoming request","time":"2023-08-30T13:51:56.859Z","v":0}
{"name":"LibraryManagement","hostname":"erdem-macbook.local","pid":59707,"level":30,"method":"borrowBookService","url":"Borrowing book for userId:1bookId1","timestamp":"2023-08-30T13:51:56.860Z","msg":"Incoming request","time":"2023-08-30T13:51:56.860Z","v":0}
{"name":"LibraryManagement","hostname":"erdem-macbook.local","pid":59797,"level":30,"method":"createUserService","url":"Creating user with name[object Object]","timestamp":"2023-08-30T13:52:14.013Z","msg":"Incoming request","time":"2023-08-30T13:52:14.013Z","v":0}
{"name":"LibraryManagement","hostname":"erdem-macbook.local","pid":59797,"level":30,"method":"getUsersService","url":"Fetching users","timestamp":"2023-08-30T13:52:14.016Z","msg":"Incoming request","time":"2023-08-30T13:52:14.016Z","v":0}
{"name":"LibraryManagement","hostname":"erdem-macbook.local","pid":59797,"level":30,"method":"getUserByIdService","url":"Fetching user with id1","timestamp":"2023-08-30T13:52:14.017Z","msg":"Incoming request","time":"2023-08-30T13:52:14.017Z","v":0}
{"name":"LibraryManagement","hostname":"erdem-macbook.local","pid":59797,"level":30,"method":"getUserByIdService","url":"Fetching user with id75","timestamp":"2023-08-30T13:52:14.019Z","msg":"Incoming request","time":"2023-08-30T13:52:14.019Z","v":0}
{"name":"LibraryManagement","hostname":"erdem-macbook.local","pid":59797,"level":30,"method":"borrowBookService","url":"Borrowing book for userId:1bookId1","timestamp":"2023-08-30T13:52:14.021Z","msg":"Incoming request","time":"2023-08-30T13:52:14.021Z","v":0}
{"name":"LibraryManagement","hostname":"erdem-macbook.local","pid":59887,"level":30,"method":"getUserByIdService","url":"Fetching user with id1","timestamp":"2023-08-30T13:52:28.399Z","msg":"Incoming request","time":"2023-08-30T13:52:28.399Z","v":0}
{"name":"LibraryManagement","hostname":"erdem-macbook.local","pid":60050,"level":30,"method":"createUserService","url":"Creating user with name[object Object]","timestamp":"2023-08-30T13:53:24.433Z","msg":"Incoming request","time":"2023-08-30T13:53:24.433Z","v":0}
{"name":"LibraryManagement","hostname":"erdem-macbook.local","pid":60050,"level":30,"method":"getUsersService","url":"Fetching users","timestamp":"2023-08-30T13:53:24.435Z","msg":"Incoming request","time":"2023-08-30T13:53:24.435Z","v":0}
{"name":"LibraryManagement","hostname":"erdem-macbook.local","pid":60050,"level":30,"method":"getUserByIdService","url":"Fetching user with id1","timestamp":"2023-08-30T13:53:24.437Z","msg":"Incoming request","time":"2023-08-30T13:53:24.437Z","v":0}
{"name":"LibraryManagement","hostname":"erdem-macbook.local","pid":60050,"level":30,"method":"getUserByIdService","url":"Fetching user with id75","timestamp":"2023-08-30T13:53:24.438Z","msg":"Incoming request","time":"2023-08-30T13:53:24.438Z","v":0}
{"name":"LibraryManagement","hostname":"erdem-macbook.local","pid":60050,"level":30,"method":"borrowBookService","url":"Borrowing book for userId:1bookId1","timestamp":"2023-08-30T13:53:24.440Z","msg":"Incoming request","time":"2023-08-30T13:53:24.440Z","v":0}
{"name":"LibraryManagement","hostname":"erdem-macbook.local","pid":60203,"level":30,"method":"createBooking","url":"Creating booking for userId1bookId1","timestamp":"2023-08-30T13:54:04.584Z","msg":"Incoming request","time":"2023-08-30T13:54:04.584Z","v":0}
{"name":"LibraryManagement","hostname":"erdem-macbook.local","pid":60296,"level":30,"method":"createBooking","url":"Creating booking for userId1bookId5","timestamp":"2023-08-30T13:54:23.214Z","msg":"Incoming request","time":"2023-08-30T13:54:23.214Z","v":0}
{"name":"LibraryManagement","hostname":"erdem-macbook.local","pid":60355,"level":30,"method":"getUsersService","url":"Fetching users","timestamp":"2023-08-30T13:54:55.763Z","msg":"Incoming request","time":"2023-08-30T13:54:55.764Z","v":0}
{"name":"LibraryManagement","hostname":"erdem-macbook.local","pid":60355,"level":30,"method":"getBookService","url":"Fetching books","timestamp":"2023-08-30T13:55:00.375Z","msg":"Incoming request","time":"2023-08-30T13:55:00.375Z","v":0}
{"name":"LibraryManagement","hostname":"erdem-macbook.local","pid":60355,"level":30,"method":"returnBooking","url":"Returning booking for userId1bookId1","timestamp":"2023-08-30T13:55:03.655Z","msg":"Incoming request","time":"2023-08-30T13:55:03.655Z","v":0}
{"name":"LibraryManagement","hostname":"erdem-macbook.local","pid":60355,"level":30,"method":"createBooking","url":"Creating booking for userId1bookId5","timestamp":"2023-08-30T13:55:06.272Z","msg":"Incoming request","time":"2023-08-30T13:55:06.272Z","v":0}
{"name":"LibraryManagement","hostname":"erdem-macbook.local","pid":60470,"level":30,"method":"createBooking","url":"Creating booking for userId1bookId1","timestamp":"2023-08-30T13:55:15.284Z","msg":"Incoming request","time":"2023-08-30T13:55:15.284Z","v":0}
{"name":"LibraryManagement","hostname":"erdem-macbook.local","pid":60643,"level":30,"method":"createBooking","url":"Creating booking for userId2bookId1","timestamp":"2023-08-30T13:56:23.272Z","msg":"Incoming request","time":"2023-08-30T13:56:23.272Z","v":0}
{"name":"LibraryManagement","hostname":"erdem-macbook.local","pid":60643,"level":30,"method":"createBooking","url":"Creating booking for userId2bookId1","timestamp":"2023-08-30T13:56:25.577Z","msg":"Incoming request","time":"2023-08-30T13:56:25.577Z","v":0}
{"name":"LibraryManagement","hostname":"erdem-macbook.local","pid":60643,"level":30,"method":"createBooking","url":"Creating booking for userId2bookId1","timestamp":"2023-08-30T13:56:26.922Z","msg":"Incoming request","time":"2023-08-30T13:56:26.922Z","v":0}
{"name":"LibraryManagement","hostname":"erdem-macbook.local","pid":60643,"level":30,"method":"createBooking","url":"Creating booking for userId2bookId1","timestamp":"2023-08-30T13:56:27.382Z","msg":"Incoming request","time":"2023-08-30T13:56:27.382Z","v":0}
{"name":"LibraryManagement","hostname":"erdem-macbook.local","pid":60643,"level":30,"method":"returnBooking","url":"Returning booking for userId2bookId1","timestamp":"2023-08-30T13:56:32.029Z","msg":"Incoming request","time":"2023-08-30T13:56:32.029Z","v":0}
{"name":"LibraryManagement","hostname":"erdem-macbook.local","pid":60643,"level":30,"method":"createBooking","url":"Creating booking for userId2bookId1","timestamp":"2023-08-30T13:56:35.803Z","msg":"Incoming request","time":"2023-08-30T13:56:35.803Z","v":0}
{"name":"LibraryManagement","hostname":"erdem-macbook.local","pid":60841,"level":30,"method":"createBooking","url":"Creating booking for userId2bookId1","timestamp":"2023-08-30T13:57:33.319Z","msg":"Incoming request","time":"2023-08-30T13:57:33.320Z","v":0}
{"name":"LibraryManagement","hostname":"erdem-macbook.local","pid":60934,"level":30,"method":"createBooking","url":"Creating booking for userId2bookId1","timestamp":"2023-08-30T13:57:56.229Z","msg":"Incoming request","time":"2023-08-30T13:57:56.229Z","v":0}
{"name":"LibraryManagement","hostname":"erdem-macbook.local","pid":61460,"level":30,"method":"createBooking","url":"Creating booking for userId2bookId1","timestamp":"2023-08-30T14:01:26.132Z","msg":"Incoming request","time":"2023-08-30T14:01:26.132Z","v":0}
{"name":"LibraryManagement","hostname":"erdem-macbook.local","pid":61540,"level":30,"method":"createBooking","url":"Creating booking for userId3bookId1","timestamp":"2023-08-30T14:01:44.220Z","msg":"Incoming request","time":"2023-08-30T14:01:44.220Z","v":0}
{"name":"LibraryManagement","hostname":"erdem-macbook.local","pid":61631,"level":30,"method":"createBooking","url":"Creating booking for userId1bookId3","timestamp":"2023-08-30T14:02:12.528Z","msg":"Incoming request","time":"2023-08-30T14:02:12.529Z","v":0}
{"name":"LibraryManagement","hostname":"erdem-macbook.local","pid":61631,"level":30,"method":"createBooking","url":"Creating booking for userId1bookId4","timestamp":"2023-08-30T14:02:16.070Z","msg":"Incoming request","time":"2023-08-30T14:02:16.070Z","v":0}
{"name":"LibraryManagement","hostname":"erdem-macbook.local","pid":61794,"level":30,"method":"createBooking","url":"Creating booking for userId2bookId3","timestamp":"2023-08-30T14:03:05.235Z","msg":"Incoming request","time":"2023-08-30T14:03:05.235Z","v":0}
{"name":"LibraryManagement","hostname":"erdem-macbook.local","pid":61794,"level":30,"method":"returnBooking","url":"Returning booking for userId2bookId3","timestamp":"2023-08-30T14:03:10.274Z","msg":"Incoming request","time":"2023-08-30T14:03:10.274Z","v":0}
{"name":"LibraryManagement","hostname":"erdem-macbook.local","pid":61794,"level":30,"method":"createBooking","url":"Creating booking for userId2bookId3","timestamp":"2023-08-30T14:03:13.358Z","msg":"Incoming request","time":"2023-08-30T14:03:13.358Z","v":0}
{"name":"LibraryManagement","hostname":"erdem-macbook.local","pid":62326,"level":30,"method":"createBooking","url":"Creating booking for userId2bookId4","timestamp":"2023-08-30T14:06:54.885Z","msg":"Incoming request","time":"2023-08-30T14:06:54.885Z","v":0}
{"name":"LibraryManagement","hostname":"erdem-macbook.local","pid":62326,"level":30,"method":"returnBooking","url":"Returning booking for userId2bookId4","timestamp":"2023-08-30T14:07:01.362Z","msg":"Incoming request","time":"2023-08-30T14:07:01.362Z","v":0}
{"name":"LibraryManagement","hostname":"erdem-macbook.local","pid":62326,"level":30,"method":"createBooking","url":"Creating booking for userId2bookId4","timestamp":"2023-08-30T14:07:06.094Z","msg":"Incoming request","time":"2023-08-30T14:07:06.094Z","v":0}
{"name":"LibraryManagement","hostname":"erdem-macbook.local","pid":63887,"level":30,"method":"createBooking","url":"Creating booking for userId2bookId5","timestamp":"2023-08-30T14:18:27.142Z","msg":"Incoming request","time":"2023-08-30T14:18:27.142Z","v":0}
{"name":"LibraryManagement","hostname":"erdem-macbook.local","pid":63887,"level":30,"method":"returnBooking","url":"Returning booking for userId2bookId5","timestamp":"2023-08-30T14:18:32.758Z","msg":"Incoming request","time":"2023-08-30T14:18:32.758Z","v":0}
{"name":"LibraryManagement","hostname":"erdem-macbook.local","pid":63887,"level":30,"method":"createBooking","url":"Creating booking for userId2bookId5","timestamp":"2023-08-30T14:18:35.356Z","msg":"Incoming request","time":"2023-08-30T14:18:35.356Z","v":0}
{"name":"LibraryManagement","hostname":"erdem-macbook.local","pid":64886,"level":30,"method":"createBooking","url":"Creating booking for userId2bookId6","timestamp":"2023-08-30T14:25:59.205Z","msg":"Incoming request","time":"2023-08-30T14:25:59.206Z","v":0}
{"name":"LibraryManagement","hostname":"erdem-macbook.local","pid":64886,"level":30,"method":"returnBooking","url":"Returning booking for userId2bookId7","timestamp":"2023-08-30T14:26:03.921Z","msg":"Incoming request","time":"2023-08-30T14:26:03.921Z","v":0}
{"name":"LibraryManagement","hostname":"erdem-macbook.local","pid":65004,"level":30,"method":"returnBooking","url":"Returning booking for userId2bookId6","timestamp":"2023-08-30T14:26:34.411Z","msg":"Incoming request","time":"2023-08-30T14:26:34.412Z","v":0}
{"name":"LibraryManagement","hostname":"erdem-macbook.local","pid":65107,"level":30,"method":"createBooking","url":"Creating booking for userId2bookId7","timestamp":"2023-08-30T14:27:00.584Z","msg":"Incoming request","time":"2023-08-30T14:27:00.585Z","v":0}
{"name":"LibraryManagement","hostname":"erdem-macbook.local","pid":65107,"level":30,"method":"returnBooking","url":"Returning booking for userId2bookId7","timestamp":"2023-08-30T14:27:04.600Z","msg":"Incoming request","time":"2023-08-30T14:27:04.600Z","v":0}
{"name":"LibraryManagement","hostname":"erdem-macbook.local","pid":65535,"level":30,"method":"createBooking","url":"Creating booking for userId2bookId8","timestamp":"2023-08-30T14:29:23.059Z","msg":"Incoming request","time":"2023-08-30T14:29:23.060Z","v":0}
{"name":"LibraryManagement","hostname":"erdem-macbook.local","pid":68419,"level":30,"method":"getUserByIdService","url":"Fetching user with id1","timestamp":"2023-08-30T14:49:21.354Z","msg":"Incoming request","time":"2023-08-30T14:49:21.354Z","v":0}
{"name":"LibraryManagement","hostname":"erdem-macbook.local","pid":71879,"level":30,"method":"createUserService","url":"Creating user with nameErdem gunenc2","timestamp":"2023-08-30T15:10:42.793Z","msg":"Incoming request","time":"2023-08-30T15:10:42.793Z","v":0}
{"name":"LibraryManagement","hostname":"erdem-macbook.local","pid":71879,"level":30,"method":"createUserService","url":"Creating user with name1","timestamp":"2023-08-30T15:10:49.837Z","msg":"Incoming request","time":"2023-08-30T15:10:49.837Z","v":0}
{"name":"LibraryManagement","hostname":"erdem-macbook.local","pid":76789,"level":30,"method":"createBookService","url":"Creating book","timestamp":"2023-08-30T15:35:17.333Z","msg":"Incoming request","time":"2023-08-30T15:35:17.334Z","v":0}
{"name":"LibraryManagement","hostname":"erdem-macbook.local","pid":76790,"level":30,"method":"createUserService","url":"Creating user with name[object Object]","timestamp":"2023-08-30T15:35:17.350Z","msg":"Incoming request","time":"2023-08-30T15:35:17.350Z","v":0}
{"name":"LibraryManagement","hostname":"erdem-macbook.local","pid":76790,"level":30,"method":"getUsersService","url":"Fetching users","timestamp":"2023-08-30T15:35:17.354Z","msg":"Incoming request","time":"2023-08-30T15:35:17.354Z","v":0}
{"name":"LibraryManagement","hostname":"erdem-macbook.local","pid":76790,"level":30,"method":"getUserByIdService","url":"Fetching user with id1","timestamp":"2023-08-30T15:35:17.357Z","msg":"Incoming request","time":"2023-08-30T15:35:17.357Z","v":0}
{"name":"LibraryManagement","hostname":"erdem-macbook.local","pid":76790,"level":30,"method":"getUserByIdService","url":"Fetching user with id75","timestamp":"2023-08-30T15:35:17.360Z","msg":"Incoming request","time":"2023-08-30T15:35:17.360Z","v":0}
{"name":"LibraryManagement","hostname":"erdem-macbook.local","pid":76790,"level":30,"method":"borrowBookService","url":"Borrowing book for userId:1bookId1","timestamp":"2023-08-30T15:35:17.362Z","msg":"Incoming request","time":"2023-08-30T15:35:17.362Z","v":0}
{"name":"LibraryManagement","hostname":"erdem-macbook.local","pid":76789,"level":30,"method":"getBookService","url":"Fetching books","timestamp":"2023-08-30T15:35:17.443Z","msg":"Incoming request","time":"2023-08-30T15:35:17.443Z","v":0}
{"name":"LibraryManagement","hostname":"erdem-macbook.local","pid":76789,"level":30,"method":"getBookByIdService","url":"Fetching book with id1","timestamp":"2023-08-30T15:35:17.453Z","msg":"Incoming request","time":"2023-08-30T15:35:17.454Z","v":0}
{"name":"LibraryManagement","hostname":"erdem-macbook.local","pid":76789,"level":30,"method":"getBookByIdService","url":"Fetching book with id75","timestamp":"2023-08-30T15:35:17.465Z","msg":"Incoming request","time":"2023-08-30T15:35:17.465Z","v":0}
{"name":"LibraryManagement","hostname":"c7cf6a6f8ee7","pid":1,"level":30,"method":"getUsersService","url":"Fetching users","timestamp":"2023-08-30T18:28:34.848Z","msg":"Incoming request","time":"2023-08-30T18:28:34.848Z","v":0}
{"name":"LibraryManagement","hostname":"1d5ec3a2e036","pid":1,"level":30,"method":"getUsersService","url":"Fetching users","timestamp":"2023-08-30T18:31:04.412Z","msg":"Incoming request","time":"2023-08-30T18:31:04.413Z","v":0}
{"name":"LibraryManagement","hostname":"c2a877bd56f4","pid":1,"level":30,"method":"getUsersService","url":"Fetching users","timestamp":"2023-08-30T18:42:18.910Z","msg":"Incoming request","time":"2023-08-30T18:42:18.910Z","v":0}
{"name":"LibraryManagement","hostname":"5f9a99af1526","pid":1,"level":30,"method":"getUsersService","url":"Fetching users","timestamp":"2023-08-30T18:44:23.013Z","msg":"Incoming request","time":"2023-08-30T18:44:23.014Z","v":0}
